<?xml version="1.0" encoding="UTF-8"?>
<testsuite xmlns:xsi="http://www.w3.org/2001/XMLSchema-instance" xsi:noNamespaceSchemaLocation="https://maven.apache.org/surefire/maven-surefire-plugin/xsd/surefire-test-report.xsd" version="3.0.2" name="pl.zajecia.sklepobowie.SklepObowieApplicationTests" time="0.983" tests="1" errors="0" skipped="0" failures="0">
  <properties>
[...]
</properties>
  <testcase name="contextLoads" classname="pl.zajecia.sklepobowie.SklepObowieApplicationTests" time="0.34">
    <system-out><![CDATA[13:43:00.955 [main] INFO org.springframework.test.context.support.AnnotationConfigContextLoaderUtils -- Could not detect default configuration classes for test class [pl.zajecia.sklepobowie.SklepObowieApplicationTests]: SklepObowieApplicationTests does not declare any static, non-private, non-final, nested classes annotated with @Configuration.
13:43:00.996 [main] INFO org.springframework.boot.test.context.SpringBootTestContextBootstrapper -- Found @SpringBootConfiguration pl.zajecia.sklepobowie.SklepObowieApplication for test class pl.zajecia.sklepobowie.SklepObowieApplicationTests

  .   ____          _            __ _ _
 /\\ / ___'_ __ _ _(_)_ __  __ _ \ \ \ \
( ( )\___ | '_ | '_| | '_ \/ _` | \ \ \ \
 \\/  ___)| |_)| | | | | || (_| |  ) ) ) )
  '  |____| .__|_| |_|_| |_\__, | / / / /
 =========|_|==============|___/=/_/_/_/

 :: Spring Boot ::                (v3.4.5)

2025-05-05T13:43:01.142+02:00  INFO 77650 --- [sklepObowie] [           main] p.z.s.SklepObowieApplicationTests        : Starting SklepObowieApplicationTests using Java 17.0.15 with PID 77650 (started by kamilferdyn in /Users/kamilferdyn/Progr-Uczelnia/sklepObowie-3)
2025-05-05T13:43:01.143+02:00  INFO 77650 --- [sklepObowie] [           main] p.z.s.SklepObowieApplicationTests        : No active profile set, falling back to 1 default profile: "default"
2025-05-05T13:43:01.533+02:00  INFO 77650 --- [sklepObowie] [           main] p.z.s.SklepObowieApplicationTests        : Started SklepObowieApplicationTests in 0.491 seconds (process running for 0.83)
]]></system-out>
  </testcase>
</testsuite>